c:\users\albob\desktop\project_files\pacman\debug\vc140.pdb
c:\users\albob\desktop\project_files\pacman\debug\vc140.idb
c:\users\albob\desktop\project_files\pacman\debug\alien.obj
c:\users\albob\desktop\project_files\pacman\debug\background.obj
c:\users\albob\desktop\project_files\pacman\debug\barricade.obj
c:\users\albob\desktop\project_files\pacman\debug\game.obj
c:\users\albob\desktop\project_files\pacman\debug\gameobject.obj
c:\users\albob\desktop\project_files\pacman\debug\life.obj
c:\users\albob\desktop\project_files\pacman\debug\missile.obj
c:\users\albob\desktop\project_files\pacman\debug\player.obj
c:\users\albob\desktop\project_files\pacman\debug\score.obj
c:\users\albob\desktop\project_files\pacman\debug\source.obj
c:\users\albob\desktop\project_files\pacman\debug\worldboundary.obj
c:\users\albob\desktop\project_files\debug\graphics.ilk
c:\users\albob\desktop\project_files\debug\graphics.exe
c:\users\albob\desktop\project_files\debug\graphics.pdb
c:\users\albob\desktop\project_files\pacman\debug\graphics.tlog\cl.command.1.tlog
c:\users\albob\desktop\project_files\pacman\debug\graphics.tlog\cl.read.1.tlog
c:\users\albob\desktop\project_files\pacman\debug\graphics.tlog\cl.write.1.tlog
c:\users\albob\desktop\project_files\pacman\debug\graphics.tlog\link.command.1.tlog
c:\users\albob\desktop\project_files\pacman\debug\graphics.tlog\link.read.1.tlog
c:\users\albob\desktop\project_files\pacman\debug\graphics.tlog\link.write.1.tlog
